<?xml version="1.0" encoding="UTF-8"?>
<!-- Generated by org.testng.reporters.JUnitReportReporter -->
<testsuite hostname="DESKTOP-UTJTOH1" name="com.pack.home.TestExecution.TestRun" tests="2" failures="0" timestamp="11 Oct 2017 14:19:04 GMT" time="18.680" errors="0">
  <testcase name="passwdlink" time="8.712" classname="com.pack.home.TestExecution.TestRun"/>
  <testcase name="emaillink" time="9.968" classname="com.pack.home.TestExecution.TestRun"/>
</testsuite> <!-- com.pack.home.TestExecution.TestRun -->
